<?xml version="1.0" encoding="UTF-8"?>
<!-- Generated by org.testng.reporters.JUnitReportReporter -->
<testsuite hostname="LAPTOP-31UIPBT8" name="com.inetbanking.TestCases.TC_AddCustomerTest_003" tests="1" failures="0" timestamp="27 Jun 2021 19:13:56 GMT" time="15.601" errors="0">
  <testcase name="addNewCustomer" time="15.601" classname="com.inetbanking.TestCases.TC_AddCustomerTest_003"/>
</testsuite> <!-- com.inetbanking.TestCases.TC_AddCustomerTest_003 -->
